{
  "RSpec": {
    "coverage": {
      "/home/debonair-sandbox-3542/tic-tac-toe-rb-nyc-fastttrack-011120/lib/tic_tac_toe.rb": [
        null,
        1,
        null,
        null,
        null,
        null,
        null,
        null,
        null,
        null,
        null,
        1,
        29,
        29,
        29,
        29,
        29,
        null,
        null,
        1,
        66,
        null,
        null,
        1,
        27,
        null,
        null,
        1,
        231,
        null,
        null,
        1,
        66,
        null,
        null,
        1,
        67,
        67,
        63,
        63,
        24,
        24,
        null,
        39,
        null,
        null,
        null,
        1,
        2,
        2,
        18,
        5,
        null,
        null,
        2,
        null,
        null,
        1,
        1,
        1,
        0,
        null,
        1,
        null,
        null,
        null,
        1,
        66,
        364,
        null,
        null,
        null,
        null,
        null,
        1,
        6,
        40,
        null,
        null,
        null,
        1,
        7,
        null,
        null,
        1,
        3,
        null,
        null,
        1,
        3,
        2,
        null,
        null,
        null,
        1,
        12,
        12,
        67,
        61,
        31,
        null,
        30,
        null,
        61,
        null,
        null
      ]
    },
    "timestamp": 1581821658
  }
}
